21:24:14 **** Incremental Build of configuration Debug for project TIMER_DRIVER_LED_BLINK ****
make all 
Invoking: Print Size
avr-size --format=avr --mcu=atmega32 TIMER_DRIVER_LED_BLINK.elf
AVR Memory Usage
----------------
Device: atmega32

Program:    6336 bytes (19.3% Full)
(.text + .data + .bootloader)

Data:          4 bytes (0.2% Full)
(.data + .bss + .noinit)


Finished building: sizedummy
 
21:24:56 **** Incremental Build of configuration Debug for project TIMER_DRIVER_LED_BLINK ****
make all 
Building file: ../main.c
Invoking: AVR Compiler
avr-gcc -Wall -g2 -gstabs -O0 -fpack-struct -fshort-enums -ffunction-sections -fdata-sections -std=gnu99 -funsigned-char -funsigned-bitfields -mmcu=atmega32 -DF_CPU=8000000UL -MMD -MP -MF"main.d" -MT"main.o" -c -o "main.o" "../main.c"
Finished building: ../main.c
 
Building target: TIMER_DRIVER_LED_BLINK.elf
Invoking: AVR C Linker
avr-gcc -Wl,-Map,TIMER_DRIVER_LED_BLINK.map -mmcu=atmega32 -o "TIMER_DRIVER_LED_BLINK.elf"  ./Mcal/DIO/DIO_DRIVER.o  ./TIMER_DRIVER.o ./main.o   
Finished building target: TIMER_DRIVER_LED_BLINK.elf
 
Invoking: AVR Create Extended Listing
avr-objdump -h -S TIMER_DRIVER_LED_BLINK.elf  >"TIMER_DRIVER_LED_BLINK.lss"
Finished building: TIMER_DRIVER_LED_BLINK.lss
 
Create Flash image (ihex format)
avr-objcopy -R .eeprom -R .fuse -R .lock -R .signature -O ihex TIMER_DRIVER_LED_BLINK.elf  "TIMER_DRIVER_LED_BLINK.hex"
Finished building: TIMER_DRIVER_LED_BLINK.hex
 
Invoking: Print Size
avr-size --format=avr --mcu=atmega32 TIMER_DRIVER_LED_BLINK.elf
AVR Memory Usage
----------------
Device: atmega32

Program:    6348 bytes (19.4% Full)
(.text + .data + .bootloader)

Data:          4 bytes (0.2% Full)
(.data + .bss + .noinit)


Finished building: sizedummy
 
21:25:21 **** Incremental Build of configuration Debug for project TIMER_DRIVER_LED_BLINK ****
make all 
Building file: ../main.c
Invoking: AVR Compiler
avr-gcc -Wall -g2 -gstabs -O0 -fpack-struct -fshort-enums -ffunction-sections -fdata-sections -std=gnu99 -funsigned-char -funsigned-bitfields -mmcu=atmega32 -DF_CPU=8000000UL -MMD -MP -MF"main.d" -MT"main.o" -c -o "main.o" "../main.c"
Finished building: ../main.c
 
Building target: TIMER_DRIVER_LED_BLINK.elf
Invoking: AVR C Linker
avr-gcc -Wl,-Map,TIMER_DRIVER_LED_BLINK.map -mmcu=atmega32 -o "TIMER_DRIVER_LED_BLINK.elf"  ./Mcal/DIO/DIO_DRIVER.o  ./TIMER_DRIVER.o ./main.o   
Finished building target: TIMER_DRIVER_LED_BLINK.elf
 
Invoking: AVR Create Extended Listing
avr-objdump -h -S TIMER_DRIVER_LED_BLINK.elf  >"TIMER_DRIVER_LED_BLINK.lss"
Finished building: TIMER_DRIVER_LED_BLINK.lss
 
Create Flash image (ihex format)
avr-objcopy -R .eeprom -R .fuse -R .lock -R .signature -O ihex TIMER_DRIVER_LED_BLINK.elf  "TIMER_DRIVER_LED_BLINK.hex"
Finished building: TIMER_DRIVER_LED_BLINK.hex
 
Invoking: Print Size
avr-size --format=avr --mcu=atmega32 TIMER_DRIVER_LED_BLINK.elf
AVR Memory Usage
----------------
Device: atmega32

Program:    6348 bytes (19.4% Full)
(.text + .data + .bootloader)

Data:          4 bytes (0.2% Full)
(.data + .bss + .noinit)


Finished building: sizedummy
 
21:27:54 **** Incremental Build of configuration Debug for project TIMER_DRIVER_LED_BLINK ****
make all 
Building file: ../TIMER_DRIVER.c
Invoking: AVR Compiler
avr-gcc -Wall -g2 -gstabs -O0 -fpack-struct -fshort-enums -ffunction-sections -fdata-sections -std=gnu99 -funsigned-char -funsigned-bitfields -mmcu=atmega32 -DF_CPU=8000000UL -MMD -MP -MF"TIMER_DRIVER.d" -MT"TIMER_DRIVER.o" -c -o "TIMER_DRIVER.o" "../TIMER_DRIVER.c"
Finished building: ../TIMER_DRIVER.c
 
Building target: TIMER_DRIVER_LED_BLINK.elf
Invoking: AVR C Linker
avr-gcc -Wl,-Map,TIMER_DRIVER_LED_BLINK.map -mmcu=atmega32 -o "TIMER_DRIVER_LED_BLINK.elf"  ./Mcal/DIO/DIO_DRIVER.o  ./TIMER_DRIVER.o ./main.o   
Finished building target: TIMER_DRIVER_LED_BLINK.elf
 
Invoking: AVR Create Extended Listing
avr-objdump -h -S TIMER_DRIVER_LED_BLINK.elf  >"TIMER_DRIVER_LED_BLINK.lss"
Finished building: TIMER_DRIVER_LED_BLINK.lss
 
Create Flash image (ihex format)
avr-objcopy -R .eeprom -R .fuse -R .lock -R .signature -O ihex TIMER_DRIVER_LED_BLINK.elf  "TIMER_DRIVER_LED_BLINK.hex"
Finished building: TIMER_DRIVER_LED_BLINK.hex
 
Invoking: Print Size
avr-size --format=avr --mcu=atmega32 TIMER_DRIVER_LED_BLINK.elf
AVR Memory Usage
----------------
Device: atmega32

Program:    6360 bytes (19.4% Full)
(.text + .data + .bootloader)

Data:          4 bytes (0.2% Full)
(.data + .bss + .noinit)


Finished building: sizedummy
 
21:28:10 **** Incremental Build of configuration Debug for project TIMER_DRIVER_LED_BLINK ****
make all 
Building file: ../TIMER_DRIVER.c
Invoking: AVR Compiler
avr-gcc -Wall -g2 -gstabs -O0 -fpack-struct -fshort-enums -ffunction-sections -fdata-sections -std=gnu99 -funsigned-char -funsigned-bitfields -mmcu=atmega32 -DF_CPU=8000000UL -MMD -MP -MF"TIMER_DRIVER.d" -MT"TIMER_DRIVER.o" -c -o "TIMER_DRIVER.o" "../TIMER_DRIVER.c"
Finished building: ../TIMER_DRIVER.c
 
Building target: TIMER_DRIVER_LED_BLINK.elf
Invoking: AVR C Linker
avr-gcc -Wl,-Map,TIMER_DRIVER_LED_BLINK.map -mmcu=atmega32 -o "TIMER_DRIVER_LED_BLINK.elf"  ./Mcal/DIO/DIO_DRIVER.o  ./TIMER_DRIVER.o ./main.o   
Finished building target: TIMER_DRIVER_LED_BLINK.elf
 
Invoking: AVR Create Extended Listing
avr-objdump -h -S TIMER_DRIVER_LED_BLINK.elf  >"TIMER_DRIVER_LED_BLINK.lss"
Finished building: TIMER_DRIVER_LED_BLINK.lss
 
Create Flash image (ihex format)
avr-objcopy -R .eeprom -R .fuse -R .lock -R .signature -O ihex TIMER_DRIVER_LED_BLINK.elf  "TIMER_DRIVER_LED_BLINK.hex"
Finished building: TIMER_DRIVER_LED_BLINK.hex
 
Invoking: Print Size
avr-size --format=avr --mcu=atmega32 TIMER_DRIVER_LED_BLINK.elf
AVR Memory Usage
----------------
Device: atmega32

Program:    6372 bytes (19.4% Full)
(.text + .data + .bootloader)

Data:          4 bytes (0.2% Full)
(.data + .bss + .noinit)


Finished building: sizedummy
 
21:33:31 **** Incremental Build of configuration Debug for project TIMER_DRIVER_LED_BLINK ****
make all 
Building file: ../TIMER_DRIVER.c
Invoking: AVR Compiler
avr-gcc -Wall -g2 -gstabs -O0 -fpack-struct -fshort-enums -ffunction-sections -fdata-sections -std=gnu99 -funsigned-char -funsigned-bitfields -mmcu=atmega32 -DF_CPU=8000000UL -MMD -MP -MF"TIMER_DRIVER.d" -MT"TIMER_DRIVER.o" -c -o "TIMER_DRIVER.o" "../TIMER_DRIVER.c"
../TIMER_DRIVER.c: In function 'TIM_Interrupt_Enable':
../TIMER_DRIVER.c:259: error: expected ';' before 'switch'
../TIMER_DRIVER.c:256: warning: unused variable 'retVal'
../TIMER_DRIVER.c:282: warning: control reaches end of non-void function
make: *** [TIMER_DRIVER.o] Error 1
21:33:42 **** Incremental Build of configuration Debug for project TIMER_DRIVER_LED_BLINK ****
make all 
Building file: ../TIMER_DRIVER.c
Invoking: AVR Compiler
avr-gcc -Wall -g2 -gstabs -O0 -fpack-struct -fshort-enums -ffunction-sections -fdata-sections -std=gnu99 -funsigned-char -funsigned-bitfields -mmcu=atmega32 -DF_CPU=8000000UL -MMD -MP -MF"TIMER_DRIVER.d" -MT"TIMER_DRIVER.o" -c -o "TIMER_DRIVER.o" "../TIMER_DRIVER.c"
../TIMER_DRIVER.c: In function 'TIM_Interrupt_Enable':
../TIMER_DRIVER.c:258: error: expected ';' before ':' token
../TIMER_DRIVER.c:256: warning: unused variable 'retVal'
../TIMER_DRIVER.c:282: warning: control reaches end of non-void function
make: *** [TIMER_DRIVER.o] Error 1
21:33:54 **** Incremental Build of configuration Debug for project TIMER_DRIVER_LED_BLINK ****
make all 
Building file: ../TIMER_DRIVER.c
Invoking: AVR Compiler
avr-gcc -Wall -g2 -gstabs -O0 -fpack-struct -fshort-enums -ffunction-sections -fdata-sections -std=gnu99 -funsigned-char -funsigned-bitfields -mmcu=atmega32 -DF_CPU=8000000UL -MMD -MP -MF"TIMER_DRIVER.d" -MT"TIMER_DRIVER.o" -c -o "TIMER_DRIVER.o" "../TIMER_DRIVER.c"
Finished building: ../TIMER_DRIVER.c
 
Building file: ../main.c
Invoking: AVR Compiler
avr-gcc -Wall -g2 -gstabs -O0 -fpack-struct -fshort-enums -ffunction-sections -fdata-sections -std=gnu99 -funsigned-char -funsigned-bitfields -mmcu=atmega32 -DF_CPU=8000000UL -MMD -MP -MF"main.d" -MT"main.o" -c -o "main.o" "../main.c"
Finished building: ../main.c
 
Building target: TIMER_DRIVER_LED_BLINK.elf
Invoking: AVR C Linker
avr-gcc -Wl,-Map,TIMER_DRIVER_LED_BLINK.map -mmcu=atmega32 -o "TIMER_DRIVER_LED_BLINK.elf"  ./Mcal/DIO/DIO_DRIVER.o  ./TIMER_DRIVER.o ./main.o   
Finished building target: TIMER_DRIVER_LED_BLINK.elf
 
Invoking: AVR Create Extended Listing
avr-objdump -h -S TIMER_DRIVER_LED_BLINK.elf  >"TIMER_DRIVER_LED_BLINK.lss"
Finished building: TIMER_DRIVER_LED_BLINK.lss
 
Create Flash image (ihex format)
avr-objcopy -R .eeprom -R .fuse -R .lock -R .signature -O ihex TIMER_DRIVER_LED_BLINK.elf  "TIMER_DRIVER_LED_BLINK.hex"
Finished building: TIMER_DRIVER_LED_BLINK.hex
 
Invoking: Print Size
avr-size --format=avr --mcu=atmega32 TIMER_DRIVER_LED_BLINK.elf
AVR Memory Usage
----------------
Device: atmega32

Program:    6380 bytes (19.5% Full)
(.text + .data + .bootloader)

Data:          4 bytes (0.2% Full)
(.data + .bss + .noinit)


Finished building: sizedummy
 
21:35:31 **** Incremental Build of configuration Debug for project TIMER_DRIVER_LED_BLINK ****
make all 
Building file: ../TIMER_DRIVER.c
Invoking: AVR Compiler
avr-gcc -Wall -g2 -gstabs -O0 -fpack-struct -fshort-enums -ffunction-sections -fdata-sections -std=gnu99 -funsigned-char -funsigned-bitfields -mmcu=atmega32 -DF_CPU=8000000UL -MMD -MP -MF"TIMER_DRIVER.d" -MT"TIMER_DRIVER.o" -c -o "TIMER_DRIVER.o" "../TIMER_DRIVER.c"
Finished building: ../TIMER_DRIVER.c
 
Building target: TIMER_DRIVER_LED_BLINK.elf
Invoking: AVR C Linker
avr-gcc -Wl,-Map,TIMER_DRIVER_LED_BLINK.map -mmcu=atmega32 -o "TIMER_DRIVER_LED_BLINK.elf"  ./Mcal/DIO/DIO_DRIVER.o  ./TIMER_DRIVER.o ./main.o   
Finished building target: TIMER_DRIVER_LED_BLINK.elf
 
Invoking: AVR Create Extended Listing
avr-objdump -h -S TIMER_DRIVER_LED_BLINK.elf  >"TIMER_DRIVER_LED_BLINK.lss"
Finished building: TIMER_DRIVER_LED_BLINK.lss
 
Create Flash image (ihex format)
avr-objcopy -R .eeprom -R .fuse -R .lock -R .signature -O ihex TIMER_DRIVER_LED_BLINK.elf  "TIMER_DRIVER_LED_BLINK.hex"
Finished building: TIMER_DRIVER_LED_BLINK.hex
 
Invoking: Print Size
avr-size --format=avr --mcu=atmega32 TIMER_DRIVER_LED_BLINK.elf
AVR Memory Usage
----------------
Device: atmega32

Program:    6380 bytes (19.5% Full)
(.text + .data + .bootloader)

Data:          4 bytes (0.2% Full)
(.data + .bss + .noinit)


Finished building: sizedummy
 
21:36:18 **** Incremental Build of configuration Debug for project TIMER_DRIVER_LED_BLINK ****
make all 
Building file: ../TIMER_DRIVER.c
Invoking: AVR Compiler
avr-gcc -Wall -g2 -gstabs -O0 -fpack-struct -fshort-enums -ffunction-sections -fdata-sections -std=gnu99 -funsigned-char -funsigned-bitfields -mmcu=atmega32 -DF_CPU=8000000UL -MMD -MP -MF"TIMER_DRIVER.d" -MT"TIMER_DRIVER.o" -c -o "TIMER_DRIVER.o" "../TIMER_DRIVER.c"
Finished building: ../TIMER_DRIVER.c
 
Building target: TIMER_DRIVER_LED_BLINK.elf
Invoking: AVR C Linker
avr-gcc -Wl,-Map,TIMER_DRIVER_LED_BLINK.map -mmcu=atmega32 -o "TIMER_DRIVER_LED_BLINK.elf"  ./Mcal/DIO/DIO_DRIVER.o  ./TIMER_DRIVER.o ./main.o   
Finished building target: TIMER_DRIVER_LED_BLINK.elf
 
Invoking: AVR Create Extended Listing
avr-objdump -h -S TIMER_DRIVER_LED_BLINK.elf  >"TIMER_DRIVER_LED_BLINK.lss"
Finished building: TIMER_DRIVER_LED_BLINK.lss
 
Create Flash image (ihex format)
avr-objcopy -R .eeprom -R .fuse -R .lock -R .signature -O ihex TIMER_DRIVER_LED_BLINK.elf  "TIMER_DRIVER_LED_BLINK.hex"
Finished building: TIMER_DRIVER_LED_BLINK.hex
 
Invoking: Print Size
avr-size --format=avr --mcu=atmega32 TIMER_DRIVER_LED_BLINK.elf
AVR Memory Usage
----------------
Device: atmega32

Program:    6396 bytes (19.5% Full)
(.text + .data + .bootloader)

Data:          4 bytes (0.2% Full)
(.data + .bss + .noinit)


Finished building: sizedummy
 
21:36:40 **** Incremental Build of configuration Debug for project TIMER_DRIVER_LED_BLINK ****
make all 
Building file: ../TIMER_DRIVER.c
Invoking: AVR Compiler
avr-gcc -Wall -g2 -gstabs -O0 -fpack-struct -fshort-enums -ffunction-sections -fdata-sections -std=gnu99 -funsigned-char -funsigned-bitfields -mmcu=atmega32 -DF_CPU=8000000UL -MMD -MP -MF"TIMER_DRIVER.d" -MT"TIMER_DRIVER.o" -c -o "TIMER_DRIVER.o" "../TIMER_DRIVER.c"
Finished building: ../TIMER_DRIVER.c
 
Building target: TIMER_DRIVER_LED_BLINK.elf
Invoking: AVR C Linker
avr-gcc -Wl,-Map,TIMER_DRIVER_LED_BLINK.map -mmcu=atmega32 -o "TIMER_DRIVER_LED_BLINK.elf"  ./Mcal/DIO/DIO_DRIVER.o  ./TIMER_DRIVER.o ./main.o   
Finished building target: TIMER_DRIVER_LED_BLINK.elf
 
Invoking: AVR Create Extended Listing
avr-objdump -h -S TIMER_DRIVER_LED_BLINK.elf  >"TIMER_DRIVER_LED_BLINK.lss"
Finished building: TIMER_DRIVER_LED_BLINK.lss
 
Create Flash image (ihex format)
avr-objcopy -R .eeprom -R .fuse -R .lock -R .signature -O ihex TIMER_DRIVER_LED_BLINK.elf  "TIMER_DRIVER_LED_BLINK.hex"
Finished building: TIMER_DRIVER_LED_BLINK.hex
 
Invoking: Print Size
avr-size --format=avr --mcu=atmega32 TIMER_DRIVER_LED_BLINK.elf
AVR Memory Usage
----------------
Device: atmega32

Program:    6380 bytes (19.5% Full)
(.text + .data + .bootloader)

Data:          4 bytes (0.2% Full)
(.data + .bss + .noinit)


Finished building: sizedummy
 
21:37:00 **** Incremental Build of configuration Debug for project TIMER_DRIVER_LED_BLINK ****
make all 
Building file: ../TIMER_DRIVER.c
Invoking: AVR Compiler
avr-gcc -Wall -g2 -gstabs -O0 -fpack-struct -fshort-enums -ffunction-sections -fdata-sections -std=gnu99 -funsigned-char -funsigned-bitfields -mmcu=atmega32 -DF_CPU=8000000UL -MMD -MP -MF"TIMER_DRIVER.d" -MT"TIMER_DRIVER.o" -c -o "TIMER_DRIVER.o" "../TIMER_DRIVER.c"
Finished building: ../TIMER_DRIVER.c
 
Building target: TIMER_DRIVER_LED_BLINK.elf
Invoking: AVR C Linker
avr-gcc -Wl,-Map,TIMER_DRIVER_LED_BLINK.map -mmcu=atmega32 -o "TIMER_DRIVER_LED_BLINK.elf"  ./Mcal/DIO/DIO_DRIVER.o  ./TIMER_DRIVER.o ./main.o   
Finished building target: TIMER_DRIVER_LED_BLINK.elf
 
Invoking: AVR Create Extended Listing
avr-objdump -h -S TIMER_DRIVER_LED_BLINK.elf  >"TIMER_DRIVER_LED_BLINK.lss"
Finished building: TIMER_DRIVER_LED_BLINK.lss
 
Create Flash image (ihex format)
avr-objcopy -R .eeprom -R .fuse -R .lock -R .signature -O ihex TIMER_DRIVER_LED_BLINK.elf  "TIMER_DRIVER_LED_BLINK.hex"
Finished building: TIMER_DRIVER_LED_BLINK.hex
 
Invoking: Print Size
avr-size --format=avr --mcu=atmega32 TIMER_DRIVER_LED_BLINK.elf
AVR Memory Usage
----------------
Device: atmega32

Program:    6386 bytes (19.5% Full)
(.text + .data + .bootloader)

Data:          4 bytes (0.2% Full)
(.data + .bss + .noinit)


Finished building: sizedummy
 
21:37:22 **** Incremental Build of configuration Debug for project TIMER_DRIVER_LED_BLINK ****
make all 
Building file: ../TIMER_DRIVER.c
Invoking: AVR Compiler
avr-gcc -Wall -g2 -gstabs -O0 -fpack-struct -fshort-enums -ffunction-sections -fdata-sections -std=gnu99 -funsigned-char -funsigned-bitfields -mmcu=atmega32 -DF_CPU=8000000UL -MMD -MP -MF"TIMER_DRIVER.d" -MT"TIMER_DRIVER.o" -c -o "TIMER_DRIVER.o" "../TIMER_DRIVER.c"
Finished building: ../TIMER_DRIVER.c
 
Building target: TIMER_DRIVER_LED_BLINK.elf
Invoking: AVR C Linker
avr-gcc -Wl,-Map,TIMER_DRIVER_LED_BLINK.map -mmcu=atmega32 -o "TIMER_DRIVER_LED_BLINK.elf"  ./Mcal/DIO/DIO_DRIVER.o  ./TIMER_DRIVER.o ./main.o   
Finished building target: TIMER_DRIVER_LED_BLINK.elf
 
Invoking: AVR Create Extended Listing
avr-objdump -h -S TIMER_DRIVER_LED_BLINK.elf  >"TIMER_DRIVER_LED_BLINK.lss"
Finished building: TIMER_DRIVER_LED_BLINK.lss
 
Create Flash image (ihex format)
avr-objcopy -R .eeprom -R .fuse -R .lock -R .signature -O ihex TIMER_DRIVER_LED_BLINK.elf  "TIMER_DRIVER_LED_BLINK.hex"
Finished building: TIMER_DRIVER_LED_BLINK.hex
 
Invoking: Print Size
avr-size --format=avr --mcu=atmega32 TIMER_DRIVER_LED_BLINK.elf
AVR Memory Usage
----------------
Device: atmega32

Program:    6386 bytes (19.5% Full)
(.text + .data + .bootloader)

Data:          4 bytes (0.2% Full)
(.data + .bss + .noinit)


Finished building: sizedummy
 
21:38:08 **** Incremental Build of configuration Debug for project TIMER_DRIVER_LED_BLINK ****
make all 
Building file: ../TIMER_DRIVER.c
Invoking: AVR Compiler
avr-gcc -Wall -g2 -gstabs -O0 -fpack-struct -fshort-enums -ffunction-sections -fdata-sections -std=gnu99 -funsigned-char -funsigned-bitfields -mmcu=atmega32 -DF_CPU=8000000UL -MMD -MP -MF"TIMER_DRIVER.d" -MT"TIMER_DRIVER.o" -c -o "TIMER_DRIVER.o" "../TIMER_DRIVER.c"
Finished building: ../TIMER_DRIVER.c
 
Building target: TIMER_DRIVER_LED_BLINK.elf
Invoking: AVR C Linker
avr-gcc -Wl,-Map,TIMER_DRIVER_LED_BLINK.map -mmcu=atmega32 -o "TIMER_DRIVER_LED_BLINK.elf"  ./Mcal/DIO/DIO_DRIVER.o  ./TIMER_DRIVER.o ./main.o   
Finished building target: TIMER_DRIVER_LED_BLINK.elf
 
Invoking: AVR Create Extended Listing
avr-objdump -h -S TIMER_DRIVER_LED_BLINK.elf  >"TIMER_DRIVER_LED_BLINK.lss"
Finished building: TIMER_DRIVER_LED_BLINK.lss
 
Create Flash image (ihex format)
avr-objcopy -R .eeprom -R .fuse -R .lock -R .signature -O ihex TIMER_DRIVER_LED_BLINK.elf  "TIMER_DRIVER_LED_BLINK.hex"
Finished building: TIMER_DRIVER_LED_BLINK.hex
 
Invoking: Print Size
avr-size --format=avr --mcu=atmega32 TIMER_DRIVER_LED_BLINK.elf
AVR Memory Usage
----------------
Device: atmega32

Program:    6386 bytes (19.5% Full)
(.text + .data + .bootloader)

Data:          4 bytes (0.2% Full)
(.data + .bss + .noinit)


Finished building: sizedummy
 
21:39:00 **** Incremental Build of configuration Debug for project TIMER_DRIVER_LED_BLINK ****
make all 
Invoking: Print Size
avr-size --format=avr --mcu=atmega32 TIMER_DRIVER_LED_BLINK.elf
AVR Memory Usage
----------------
Device: atmega32

Program:    6386 bytes (19.5% Full)
(.text + .data + .bootloader)

Data:          4 bytes (0.2% Full)
(.data + .bss + .noinit)


Finished building: sizedummy
 
21:39:33 **** Incremental Build of configuration Debug for project TIMER_DRIVER_LED_BLINK ****
make all 
Building file: ../TIMER_DRIVER.c
Invoking: AVR Compiler
avr-gcc -Wall -g2 -gstabs -O0 -fpack-struct -fshort-enums -ffunction-sections -fdata-sections -std=gnu99 -funsigned-char -funsigned-bitfields -mmcu=atmega32 -DF_CPU=8000000UL -MMD -MP -MF"TIMER_DRIVER.d" -MT"TIMER_DRIVER.o" -c -o "TIMER_DRIVER.o" "../TIMER_DRIVER.c"
Finished building: ../TIMER_DRIVER.c
 
Building target: TIMER_DRIVER_LED_BLINK.elf
Invoking: AVR C Linker
avr-gcc -Wl,-Map,TIMER_DRIVER_LED_BLINK.map -mmcu=atmega32 -o "TIMER_DRIVER_LED_BLINK.elf"  ./Mcal/DIO/DIO_DRIVER.o  ./TIMER_DRIVER.o ./main.o   
Finished building target: TIMER_DRIVER_LED_BLINK.elf
 
Invoking: AVR Create Extended Listing
avr-objdump -h -S TIMER_DRIVER_LED_BLINK.elf  >"TIMER_DRIVER_LED_BLINK.lss"
Finished building: TIMER_DRIVER_LED_BLINK.lss
 
Create Flash image (ihex format)
avr-objcopy -R .eeprom -R .fuse -R .lock -R .signature -O ihex TIMER_DRIVER_LED_BLINK.elf  "TIMER_DRIVER_LED_BLINK.hex"
Finished building: TIMER_DRIVER_LED_BLINK.hex
 
Invoking: Print Size
avr-size --format=avr --mcu=atmega32 TIMER_DRIVER_LED_BLINK.elf
AVR Memory Usage
----------------
Device: atmega32

Program:    6386 bytes (19.5% Full)
(.text + .data + .bootloader)

Data:          4 bytes (0.2% Full)
(.data + .bss + .noinit)


Finished building: sizedummy
 
21:39:37 **** Incremental Build of configuration Debug for project TIMER_DRIVER_LED_BLINK ****
make all 
Building file: ../TIMER_DRIVER.c
Invoking: AVR Compiler
avr-gcc -Wall -g2 -gstabs -O0 -fpack-struct -fshort-enums -ffunction-sections -fdata-sections -std=gnu99 -funsigned-char -funsigned-bitfields -mmcu=atmega32 -DF_CPU=8000000UL -MMD -MP -MF"TIMER_DRIVER.d" -MT"TIMER_DRIVER.o" -c -o "TIMER_DRIVER.o" "../TIMER_DRIVER.c"
Finished building: ../TIMER_DRIVER.c
 
Building target: TIMER_DRIVER_LED_BLINK.elf
Invoking: AVR C Linker
avr-gcc -Wl,-Map,TIMER_DRIVER_LED_BLINK.map -mmcu=atmega32 -o "TIMER_DRIVER_LED_BLINK.elf"  ./Mcal/DIO/DIO_DRIVER.o  ./TIMER_DRIVER.o ./main.o   
Finished building target: TIMER_DRIVER_LED_BLINK.elf
 
Invoking: AVR Create Extended Listing
avr-objdump -h -S TIMER_DRIVER_LED_BLINK.elf  >"TIMER_DRIVER_LED_BLINK.lss"
Finished building: TIMER_DRIVER_LED_BLINK.lss
 
Create Flash image (ihex format)
avr-objcopy -R .eeprom -R .fuse -R .lock -R .signature -O ihex TIMER_DRIVER_LED_BLINK.elf  "TIMER_DRIVER_LED_BLINK.hex"
Finished building: TIMER_DRIVER_LED_BLINK.hex
 
Invoking: Print Size
avr-size --format=avr --mcu=atmega32 TIMER_DRIVER_LED_BLINK.elf
AVR Memory Usage
----------------
Device: atmega32

Program:    6386 bytes (19.5% Full)
(.text + .data + .bootloader)

Data:          4 bytes (0.2% Full)
(.data + .bss + .noinit)


Finished building: sizedummy
 
21:40:11 **** Incremental Build of configuration Debug for project TIMER_DRIVER_LED_BLINK ****
make all 
Building file: ../main.c
Invoking: AVR Compiler
avr-gcc -Wall -g2 -gstabs -O0 -fpack-struct -fshort-enums -ffunction-sections -fdata-sections -std=gnu99 -funsigned-char -funsigned-bitfields -mmcu=atmega32 -DF_CPU=8000000UL -MMD -MP -MF"main.d" -MT"main.o" -c -o "main.o" "../main.c"
Finished building: ../main.c
 
Building target: TIMER_DRIVER_LED_BLINK.elf
Invoking: AVR C Linker
avr-gcc -Wl,-Map,TIMER_DRIVER_LED_BLINK.map -mmcu=atmega32 -o "TIMER_DRIVER_LED_BLINK.elf"  ./Mcal/DIO/DIO_DRIVER.o  ./TIMER_DRIVER.o ./main.o   
Finished building target: TIMER_DRIVER_LED_BLINK.elf
 
Invoking: AVR Create Extended Listing
avr-objdump -h -S TIMER_DRIVER_LED_BLINK.elf  >"TIMER_DRIVER_LED_BLINK.lss"
Finished building: TIMER_DRIVER_LED_BLINK.lss
 
Create Flash image (ihex format)
avr-objcopy -R .eeprom -R .fuse -R .lock -R .signature -O ihex TIMER_DRIVER_LED_BLINK.elf  "TIMER_DRIVER_LED_BLINK.hex"
Finished building: TIMER_DRIVER_LED_BLINK.hex
 
Invoking: Print Size
avr-size --format=avr --mcu=atmega32 TIMER_DRIVER_LED_BLINK.elf
AVR Memory Usage
----------------
Device: atmega32

Program:    6378 bytes (19.5% Full)
(.text + .data + .bootloader)

Data:          4 bytes (0.2% Full)
(.data + .bss + .noinit)


Finished building: sizedummy
 
21:40:56 **** Incremental Build of configuration Debug for project TIMER_DRIVER_LED_BLINK ****
make all 
Building file: ../TIMER_DRIVER.c
Invoking: AVR Compiler
avr-gcc -Wall -g2 -gstabs -O0 -fpack-struct -fshort-enums -ffunction-sections -fdata-sections -std=gnu99 -funsigned-char -funsigned-bitfields -mmcu=atmega32 -DF_CPU=8000000UL -MMD -MP -MF"TIMER_DRIVER.d" -MT"TIMER_DRIVER.o" -c -o "TIMER_DRIVER.o" "../TIMER_DRIVER.c"
Finished building: ../TIMER_DRIVER.c
 
Building file: ../main.c
Invoking: AVR Compiler
avr-gcc -Wall -g2 -gstabs -O0 -fpack-struct -fshort-enums -ffunction-sections -fdata-sections -std=gnu99 -funsigned-char -funsigned-bitfields -mmcu=atmega32 -DF_CPU=8000000UL -MMD -MP -MF"main.d" -MT"main.o" -c -o "main.o" "../main.c"
Finished building: ../main.c
 
Building target: TIMER_DRIVER_LED_BLINK.elf
Invoking: AVR C Linker
avr-gcc -Wl,-Map,TIMER_DRIVER_LED_BLINK.map -mmcu=atmega32 -o "TIMER_DRIVER_LED_BLINK.elf"  ./Mcal/DIO/DIO_DRIVER.o  ./TIMER_DRIVER.o ./main.o   
Finished building target: TIMER_DRIVER_LED_BLINK.elf
 
Invoking: AVR Create Extended Listing
avr-objdump -h -S TIMER_DRIVER_LED_BLINK.elf  >"TIMER_DRIVER_LED_BLINK.lss"
Finished building: TIMER_DRIVER_LED_BLINK.lss
 
Create Flash image (ihex format)
avr-objcopy -R .eeprom -R .fuse -R .lock -R .signature -O ihex TIMER_DRIVER_LED_BLINK.elf  "TIMER_DRIVER_LED_BLINK.hex"
Finished building: TIMER_DRIVER_LED_BLINK.hex
 
Invoking: Print Size
avr-size --format=avr --mcu=atmega32 TIMER_DRIVER_LED_BLINK.elf
AVR Memory Usage
----------------
Device: atmega32

Program:    6386 bytes (19.5% Full)
(.text + .data + .bootloader)

Data:          4 bytes (0.2% Full)
(.data + .bss + .noinit)


Finished building: sizedummy
 
21:41:46 **** Incremental Build of configuration Debug for project TIMER_DRIVER_LED_BLINK ****
make all 
Building file: ../main.c
Invoking: AVR Compiler
avr-gcc -Wall -g2 -gstabs -O0 -fpack-struct -fshort-enums -ffunction-sections -fdata-sections -std=gnu99 -funsigned-char -funsigned-bitfields -mmcu=atmega32 -DF_CPU=8000000UL -MMD -MP -MF"main.d" -MT"main.o" -c -o "main.o" "../main.c"
Finished building: ../main.c
 
Building target: TIMER_DRIVER_LED_BLINK.elf
Invoking: AVR C Linker
avr-gcc -Wl,-Map,TIMER_DRIVER_LED_BLINK.map -mmcu=atmega32 -o "TIMER_DRIVER_LED_BLINK.elf"  ./Mcal/DIO/DIO_DRIVER.o  ./TIMER_DRIVER.o ./main.o   
Finished building target: TIMER_DRIVER_LED_BLINK.elf
 
Invoking: AVR Create Extended Listing
avr-objdump -h -S TIMER_DRIVER_LED_BLINK.elf  >"TIMER_DRIVER_LED_BLINK.lss"
Finished building: TIMER_DRIVER_LED_BLINK.lss
 
Create Flash image (ihex format)
avr-objcopy -R .eeprom -R .fuse -R .lock -R .signature -O ihex TIMER_DRIVER_LED_BLINK.elf  "TIMER_DRIVER_LED_BLINK.hex"
Finished building: TIMER_DRIVER_LED_BLINK.hex
 
Invoking: Print Size
avr-size --format=avr --mcu=atmega32 TIMER_DRIVER_LED_BLINK.elf
AVR Memory Usage
----------------
Device: atmega32

Program:    6386 bytes (19.5% Full)
(.text + .data + .bootloader)

Data:          4 bytes (0.2% Full)
(.data + .bss + .noinit)


Finished building: sizedummy
 
21:42:26 **** Incremental Build of configuration Debug for project TIMER_DRIVER_LED_BLINK ****
make all 
Building file: ../main.c
Invoking: AVR Compiler
avr-gcc -Wall -g2 -gstabs -O0 -fpack-struct -fshort-enums -ffunction-sections -fdata-sections -std=gnu99 -funsigned-char -funsigned-bitfields -mmcu=atmega32 -DF_CPU=8000000UL -MMD -MP -MF"main.d" -MT"main.o" -c -o "main.o" "../main.c"
Finished building: ../main.c
 
Building target: TIMER_DRIVER_LED_BLINK.elf
Invoking: AVR C Linker
avr-gcc -Wl,-Map,TIMER_DRIVER_LED_BLINK.map -mmcu=atmega32 -o "TIMER_DRIVER_LED_BLINK.elf"  ./Mcal/DIO/DIO_DRIVER.o  ./TIMER_DRIVER.o ./main.o   
Finished building target: TIMER_DRIVER_LED_BLINK.elf
 
Invoking: AVR Create Extended Listing
avr-objdump -h -S TIMER_DRIVER_LED_BLINK.elf  >"TIMER_DRIVER_LED_BLINK.lss"
Finished building: TIMER_DRIVER_LED_BLINK.lss
 
Create Flash image (ihex format)
avr-objcopy -R .eeprom -R .fuse -R .lock -R .signature -O ihex TIMER_DRIVER_LED_BLINK.elf  "TIMER_DRIVER_LED_BLINK.hex"
Finished building: TIMER_DRIVER_LED_BLINK.hex
 
Invoking: Print Size
avr-size --format=avr --mcu=atmega32 TIMER_DRIVER_LED_BLINK.elf
AVR Memory Usage
----------------
Device: atmega32

Program:    6386 bytes (19.5% Full)
(.text + .data + .bootloader)

Data:          4 bytes (0.2% Full)
(.data + .bss + .noinit)


Finished building: sizedummy
 
21:44:33 **** Incremental Build of configuration Debug for project TIMER_DRIVER_LED_BLINK ****
make all 
Building file: ../TIMER_DRIVER.c
Invoking: AVR Compiler
avr-gcc -Wall -g2 -gstabs -O0 -fpack-struct -fshort-enums -ffunction-sections -fdata-sections -std=gnu99 -funsigned-char -funsigned-bitfields -mmcu=atmega32 -DF_CPU=8000000UL -MMD -MP -MF"TIMER_DRIVER.d" -MT"TIMER_DRIVER.o" -c -o "TIMER_DRIVER.o" "../TIMER_DRIVER.c"
Finished building: ../TIMER_DRIVER.c
 
Building target: TIMER_DRIVER_LED_BLINK.elf
Invoking: AVR C Linker
avr-gcc -Wl,-Map,TIMER_DRIVER_LED_BLINK.map -mmcu=atmega32 -o "TIMER_DRIVER_LED_BLINK.elf"  ./Mcal/DIO/DIO_DRIVER.o  ./TIMER_DRIVER.o ./main.o   
Finished building target: TIMER_DRIVER_LED_BLINK.elf
 
Invoking: AVR Create Extended Listing
avr-objdump -h -S TIMER_DRIVER_LED_BLINK.elf  >"TIMER_DRIVER_LED_BLINK.lss"
Finished building: TIMER_DRIVER_LED_BLINK.lss
 
Create Flash image (ihex format)
avr-objcopy -R .eeprom -R .fuse -R .lock -R .signature -O ihex TIMER_DRIVER_LED_BLINK.elf  "TIMER_DRIVER_LED_BLINK.hex"
Finished building: TIMER_DRIVER_LED_BLINK.hex
 
Invoking: Print Size
avr-size --format=avr --mcu=atmega32 TIMER_DRIVER_LED_BLINK.elf
AVR Memory Usage
----------------
Device: atmega32

Program:    6320 bytes (19.3% Full)
(.text + .data + .bootloader)

Data:          4 bytes (0.2% Full)
(.data + .bss + .noinit)


Finished building: sizedummy
 
21:44:47 **** Incremental Build of configuration Debug for project TIMER_DRIVER_LED_BLINK ****
make all 
Building file: ../TIMER_DRIVER.c
Invoking: AVR Compiler
avr-gcc -Wall -g2 -gstabs -O0 -fpack-struct -fshort-enums -ffunction-sections -fdata-sections -std=gnu99 -funsigned-char -funsigned-bitfields -mmcu=atmega32 -DF_CPU=8000000UL -MMD -MP -MF"TIMER_DRIVER.d" -MT"TIMER_DRIVER.o" -c -o "TIMER_DRIVER.o" "../TIMER_DRIVER.c"
Finished building: ../TIMER_DRIVER.c
 
Building target: TIMER_DRIVER_LED_BLINK.elf
Invoking: AVR C Linker
avr-gcc -Wl,-Map,TIMER_DRIVER_LED_BLINK.map -mmcu=atmega32 -o "TIMER_DRIVER_LED_BLINK.elf"  ./Mcal/DIO/DIO_DRIVER.o  ./TIMER_DRIVER.o ./main.o   
Finished building target: TIMER_DRIVER_LED_BLINK.elf
 
Invoking: AVR Create Extended Listing
avr-objdump -h -S TIMER_DRIVER_LED_BLINK.elf  >"TIMER_DRIVER_LED_BLINK.lss"
Finished building: TIMER_DRIVER_LED_BLINK.lss
 
Create Flash image (ihex format)
avr-objcopy -R .eeprom -R .fuse -R .lock -R .signature -O ihex TIMER_DRIVER_LED_BLINK.elf  "TIMER_DRIVER_LED_BLINK.hex"
Finished building: TIMER_DRIVER_LED_BLINK.hex
 
Invoking: Print Size
avr-size --format=avr --mcu=atmega32 TIMER_DRIVER_LED_BLINK.elf
AVR Memory Usage
----------------
Device: atmega32

Program:    6386 bytes (19.5% Full)
(.text + .data + .bootloader)

Data:          4 bytes (0.2% Full)
(.data + .bss + .noinit)


Finished building: sizedummy
 
21:48:36 **** Incremental Build of configuration Debug for project TIMER_DRIVER_LED_BLINK ****
make all 
Building file: ../TIMER_DRIVER.c
Invoking: AVR Compiler
avr-gcc -Wall -g2 -gstabs -O0 -fpack-struct -fshort-enums -ffunction-sections -fdata-sections -std=gnu99 -funsigned-char -funsigned-bitfields -mmcu=atmega32 -DF_CPU=8000000UL -MMD -MP -MF"TIMER_DRIVER.d" -MT"TIMER_DRIVER.o" -c -o "TIMER_DRIVER.o" "../TIMER_DRIVER.c"
Finished building: ../TIMER_DRIVER.c
 
Building target: TIMER_DRIVER_LED_BLINK.elf
Invoking: AVR C Linker
avr-gcc -Wl,-Map,TIMER_DRIVER_LED_BLINK.map -mmcu=atmega32 -o "TIMER_DRIVER_LED_BLINK.elf"  ./Mcal/DIO/DIO_DRIVER.o  ./TIMER_DRIVER.o ./main.o   
Finished building target: TIMER_DRIVER_LED_BLINK.elf
 
Invoking: AVR Create Extended Listing
avr-objdump -h -S TIMER_DRIVER_LED_BLINK.elf  >"TIMER_DRIVER_LED_BLINK.lss"
Finished building: TIMER_DRIVER_LED_BLINK.lss
 
Create Flash image (ihex format)
avr-objcopy -R .eeprom -R .fuse -R .lock -R .signature -O ihex TIMER_DRIVER_LED_BLINK.elf  "TIMER_DRIVER_LED_BLINK.hex"
Finished building: TIMER_DRIVER_LED_BLINK.hex
 
Invoking: Print Size
avr-size --format=avr --mcu=atmega32 TIMER_DRIVER_LED_BLINK.elf
AVR Memory Usage
----------------
Device: atmega32

Program:    6386 bytes (19.5% Full)
(.text + .data + .bootloader)

Data:          4 bytes (0.2% Full)
(.data + .bss + .noinit)


Finished building: sizedummy
 
21:54:55 **** Incremental Build of configuration Debug for project TIMER_DRIVER_LED_BLINK ****
make all 
Building file: ../TIMER_DRIVER.c
Invoking: AVR Compiler
avr-gcc -Wall -g2 -gstabs -O0 -fpack-struct -fshort-enums -ffunction-sections -fdata-sections -std=gnu99 -funsigned-char -funsigned-bitfields -mmcu=atmega32 -DF_CPU=8000000UL -MMD -MP -MF"TIMER_DRIVER.d" -MT"TIMER_DRIVER.o" -c -o "TIMER_DRIVER.o" "../TIMER_DRIVER.c"
Finished building: ../TIMER_DRIVER.c
 
Building target: TIMER_DRIVER_LED_BLINK.elf
Invoking: AVR C Linker
avr-gcc -Wl,-Map,TIMER_DRIVER_LED_BLINK.map -mmcu=atmega32 -o "TIMER_DRIVER_LED_BLINK.elf"  ./Mcal/DIO/DIO_DRIVER.o  ./TIMER_DRIVER.o ./main.o   
Finished building target: TIMER_DRIVER_LED_BLINK.elf
 
Invoking: AVR Create Extended Listing
avr-objdump -h -S TIMER_DRIVER_LED_BLINK.elf  >"TIMER_DRIVER_LED_BLINK.lss"
Finished building: TIMER_DRIVER_LED_BLINK.lss
 
Create Flash image (ihex format)
avr-objcopy -R .eeprom -R .fuse -R .lock -R .signature -O ihex TIMER_DRIVER_LED_BLINK.elf  "TIMER_DRIVER_LED_BLINK.hex"
Finished building: TIMER_DRIVER_LED_BLINK.hex
 
Invoking: Print Size
avr-size --format=avr --mcu=atmega32 TIMER_DRIVER_LED_BLINK.elf
AVR Memory Usage
----------------
Device: atmega32

Program:    6386 bytes (19.5% Full)
(.text + .data + .bootloader)

Data:          4 bytes (0.2% Full)
(.data + .bss + .noinit)


Finished building: sizedummy
 
22:02:19 **** Incremental Build of configuration Debug for project TIMER_DRIVER_LED_BLINK ****
make all 
Building file: ../TIMER_DRIVER.c
Invoking: AVR Compiler
avr-gcc -Wall -g2 -gstabs -O0 -fpack-struct -fshort-enums -ffunction-sections -fdata-sections -std=gnu99 -funsigned-char -funsigned-bitfields -mmcu=atmega32 -DF_CPU=8000000UL -MMD -MP -MF"TIMER_DRIVER.d" -MT"TIMER_DRIVER.o" -c -o "TIMER_DRIVER.o" "../TIMER_DRIVER.c"
Finished building: ../TIMER_DRIVER.c
 
Building target: TIMER_DRIVER_LED_BLINK.elf
Invoking: AVR C Linker
avr-gcc -Wl,-Map,TIMER_DRIVER_LED_BLINK.map -mmcu=atmega32 -o "TIMER_DRIVER_LED_BLINK.elf"  ./Mcal/DIO/DIO_DRIVER.o  ./TIMER_DRIVER.o ./main.o   
Finished building target: TIMER_DRIVER_LED_BLINK.elf
 
Invoking: AVR Create Extended Listing
avr-objdump -h -S TIMER_DRIVER_LED_BLINK.elf  >"TIMER_DRIVER_LED_BLINK.lss"
Finished building: TIMER_DRIVER_LED_BLINK.lss
 
Create Flash image (ihex format)
avr-objcopy -R .eeprom -R .fuse -R .lock -R .signature -O ihex TIMER_DRIVER_LED_BLINK.elf  "TIMER_DRIVER_LED_BLINK.hex"
Finished building: TIMER_DRIVER_LED_BLINK.hex
 
Invoking: Print Size
avr-size --format=avr --mcu=atmega32 TIMER_DRIVER_LED_BLINK.elf
AVR Memory Usage
----------------
Device: atmega32

Program:    6394 bytes (19.5% Full)
(.text + .data + .bootloader)

Data:          4 bytes (0.2% Full)
(.data + .bss + .noinit)


Finished building: sizedummy
 
22:08:43 **** Incremental Build of configuration Debug for project TIMER_DRIVER_LED_BLINK ****
make all 
Building file: ../TIMER_DRIVER.c
Invoking: AVR Compiler
avr-gcc -Wall -g2 -gstabs -O0 -fpack-struct -fshort-enums -ffunction-sections -fdata-sections -std=gnu99 -funsigned-char -funsigned-bitfields -mmcu=atmega32 -DF_CPU=8000000UL -MMD -MP -MF"TIMER_DRIVER.d" -MT"TIMER_DRIVER.o" -c -o "TIMER_DRIVER.o" "../TIMER_DRIVER.c"
Finished building: ../TIMER_DRIVER.c
 
Building target: TIMER_DRIVER_LED_BLINK.elf
Invoking: AVR C Linker
avr-gcc -Wl,-Map,TIMER_DRIVER_LED_BLINK.map -mmcu=atmega32 -o "TIMER_DRIVER_LED_BLINK.elf"  ./Mcal/DIO/DIO_DRIVER.o  ./TIMER_DRIVER.o ./main.o   
Finished building target: TIMER_DRIVER_LED_BLINK.elf
 
Invoking: AVR Create Extended Listing
avr-objdump -h -S TIMER_DRIVER_LED_BLINK.elf  >"TIMER_DRIVER_LED_BLINK.lss"
Finished building: TIMER_DRIVER_LED_BLINK.lss
 
Create Flash image (ihex format)
avr-objcopy -R .eeprom -R .fuse -R .lock -R .signature -O ihex TIMER_DRIVER_LED_BLINK.elf  "TIMER_DRIVER_LED_BLINK.hex"
Finished building: TIMER_DRIVER_LED_BLINK.hex
 
Invoking: Print Size
avr-size --format=avr --mcu=atmega32 TIMER_DRIVER_LED_BLINK.elf
AVR Memory Usage
----------------
Device: atmega32

Program:    6386 bytes (19.5% Full)
(.text + .data + .bootloader)

Data:          4 bytes (0.2% Full)
(.data + .bss + .noinit)


Finished building: sizedummy
 
22:09:30 **** Incremental Build of configuration Debug for project TIMER_DRIVER_LED_BLINK ****
make all 
Building file: ../TIMER_DRIVER.c
Invoking: AVR Compiler
avr-gcc -Wall -g2 -gstabs -O0 -fpack-struct -fshort-enums -ffunction-sections -fdata-sections -std=gnu99 -funsigned-char -funsigned-bitfields -mmcu=atmega32 -DF_CPU=8000000UL -MMD -MP -MF"TIMER_DRIVER.d" -MT"TIMER_DRIVER.o" -c -o "TIMER_DRIVER.o" "../TIMER_DRIVER.c"
Finished building: ../TIMER_DRIVER.c
 
Building target: TIMER_DRIVER_LED_BLINK.elf
Invoking: AVR C Linker
avr-gcc -Wl,-Map,TIMER_DRIVER_LED_BLINK.map -mmcu=atmega32 -o "TIMER_DRIVER_LED_BLINK.elf"  ./Mcal/DIO/DIO_DRIVER.o  ./TIMER_DRIVER.o ./main.o   
Finished building target: TIMER_DRIVER_LED_BLINK.elf
 
Invoking: AVR Create Extended Listing
avr-objdump -h -S TIMER_DRIVER_LED_BLINK.elf  >"TIMER_DRIVER_LED_BLINK.lss"
Finished building: TIMER_DRIVER_LED_BLINK.lss
 
Create Flash image (ihex format)
avr-objcopy -R .eeprom -R .fuse -R .lock -R .signature -O ihex TIMER_DRIVER_LED_BLINK.elf  "TIMER_DRIVER_LED_BLINK.hex"
Finished building: TIMER_DRIVER_LED_BLINK.hex
 
Invoking: Print Size
avr-size --format=avr --mcu=atmega32 TIMER_DRIVER_LED_BLINK.elf
AVR Memory Usage
----------------
Device: atmega32

Program:    6372 bytes (19.4% Full)
(.text + .data + .bootloader)

Data:          4 bytes (0.2% Full)
(.data + .bss + .noinit)


Finished building: sizedummy
 
22:28:53 **** Incremental Build of configuration Debug for project TIMER_DRIVER_LED_BLINK ****
make all 
Building file: ../TIMER_DRIVER.c
Invoking: AVR Compiler
avr-gcc -Wall -g2 -gstabs -O0 -fpack-struct -fshort-enums -ffunction-sections -fdata-sections -std=gnu99 -funsigned-char -funsigned-bitfields -mmcu=atmega32 -DF_CPU=8000000UL -MMD -MP -MF"TIMER_DRIVER.d" -MT"TIMER_DRIVER.o" -c -o "TIMER_DRIVER.o" "../TIMER_DRIVER.c"
Finished building: ../TIMER_DRIVER.c
 
Building target: TIMER_DRIVER_LED_BLINK.elf
Invoking: AVR C Linker
avr-gcc -Wl,-Map,TIMER_DRIVER_LED_BLINK.map -mmcu=atmega32 -o "TIMER_DRIVER_LED_BLINK.elf"  ./Mcal/DIO/DIO_DRIVER.o  ./TIMER_DRIVER.o ./main.o   
Finished building target: TIMER_DRIVER_LED_BLINK.elf
 
Invoking: AVR Create Extended Listing
avr-objdump -h -S TIMER_DRIVER_LED_BLINK.elf  >"TIMER_DRIVER_LED_BLINK.lss"
Finished building: TIMER_DRIVER_LED_BLINK.lss
 
Create Flash image (ihex format)
avr-objcopy -R .eeprom -R .fuse -R .lock -R .signature -O ihex TIMER_DRIVER_LED_BLINK.elf  "TIMER_DRIVER_LED_BLINK.hex"
Finished building: TIMER_DRIVER_LED_BLINK.hex
 
Invoking: Print Size
avr-size --format=avr --mcu=atmega32 TIMER_DRIVER_LED_BLINK.elf
AVR Memory Usage
----------------
Device: atmega32

Program:    6372 bytes (19.4% Full)
(.text + .data + .bootloader)

Data:          4 bytes (0.2% Full)
(.data + .bss + .noinit)


Finished building: sizedummy
 
