18:20:11 **** Incremental Build of configuration Debug for project TIMER_DRIVER_LED_BLINK ****
make all 
Building file: ../main.c
Invoking: AVR Compiler
avr-gcc -Wall -g2 -gstabs -O0 -fpack-struct -fshort-enums -ffunction-sections -fdata-sections -std=gnu99 -funsigned-char -funsigned-bitfields -mmcu=atmega32 -DF_CPU=8000000UL -MMD -MP -MF"main.d" -MT"main.o" -c -o "main.o" "../main.c"
In file included from ../main.c:14:
../TIMER_DRIVER.h:64: warning: 'TIM0_OVF' appears to be a misspelled signal handler
../TIMER_DRIVER.h:65: warning: 'TIM0_COMP' appears to be a misspelled signal handler
Finished building: ../main.c
 
Building target: TIMER_DRIVER_LED_BLINK.elf
Invoking: AVR C Linker
avr-gcc -Wl,-Map,TIMER_DRIVER_LED_BLINK.map -mmcu=atmega32 -o "TIMER_DRIVER_LED_BLINK.elf"  ./Mcal/DIO/DIO_DRIVER.o  ./TIMER_DRIVER.o ./main.o   
Finished building target: TIMER_DRIVER_LED_BLINK.elf
 
Invoking: AVR Create Extended Listing
avr-objdump -h -S TIMER_DRIVER_LED_BLINK.elf  >"TIMER_DRIVER_LED_BLINK.lss"
Finished building: TIMER_DRIVER_LED_BLINK.lss
 
Create Flash image (ihex format)
avr-objcopy -R .eeprom -R .fuse -R .lock -R .signature -O ihex TIMER_DRIVER_LED_BLINK.elf  "TIMER_DRIVER_LED_BLINK.hex"
Finished building: TIMER_DRIVER_LED_BLINK.hex
 
Invoking: Print Size
avr-size --format=avr --mcu=atmega32 TIMER_DRIVER_LED_BLINK.elf
AVR Memory Usage
----------------
Device: atmega32

Program:    5462 bytes (16.7% Full)
(.text + .data + .bootloader)

Data:          4 bytes (0.2% Full)
(.data + .bss + .noinit)


Finished building: sizedummy
 

18:20:12 Build Finished (took 1s.26ms)

